[14:33:11][no_game_date][equipment_graphic_database.cpp:34]: GFX referenced in equipment graphic database does not exist: "GFX_USA_scout_plane1_medium", associated with USA medium_plane_airframe
[14:33:11][no_game_date][equipment_graphic_database.cpp:34]: GFX referenced in equipment graphic database does not exist: "GFX_USA_scout_plane2_medium", associated with USA medium_plane_airframe
[14:33:11][no_game_date][equipment_graphic_database.cpp:34]: GFX referenced in equipment graphic database does not exist: "GFX_JAP_scout_plane1_medium", associated with JAP medium_plane_airframe
[14:33:11][no_game_date][equipment_graphic_database.cpp:34]: GFX referenced in equipment graphic database does not exist: "GFX_JAP_scout_plane2_medium", associated with JAP medium_plane_airframe
[14:33:11][no_game_date][equipment_graphic_database.cpp:34]: GFX referenced in equipment graphic database does not exist: "GFX_ITA_scout_plane1_medium", associated with AST medium_plane_airframe
[14:33:11][no_game_date][equipment_graphic_database.cpp:34]: GFX referenced in equipment graphic database does not exist: "GFX_ITA_scout_plane2_medium", associated with AST medium_plane_airframe
[14:33:11][no_game_date][equipment_graphic_database.cpp:34]: GFX referenced in equipment graphic database does not exist: "GFX_GER_scout_plane1_medium", associated with GER medium_plane_airframe
[14:33:11][no_game_date][equipment_graphic_database.cpp:34]: GFX referenced in equipment graphic database does not exist: "GFX_GER_scout_plane2_medium", associated with GER medium_plane_airframe
[14:33:11][no_game_date][equipment_graphic_database.cpp:34]: GFX referenced in equipment graphic database does not exist: "GFX_GER_amphibious_tank_2_medium", associated with GER amphibious_tank_chassis
[14:33:11][no_game_date][equipment_graphic_database.cpp:34]: GFX referenced in equipment graphic database does not exist: "GFX_GER_amphibious_tank_medium", associated with GER amphibious_tank_chassis
[14:33:11][no_game_date][equipment_graphic_database.cpp:57]: Entity referenced in equipment graphic database does not exist: "GER_amphibious_armor_entity", associated with GER amphibious_tank_chassis
[14:33:11][no_game_date][equipment_graphic_database.cpp:34]: GFX referenced in equipment graphic database does not exist: "GFX_GER_scout_plane2_medium", associated with GER medium_plane_scout_plane_airframe
[14:33:11][no_game_date][equipment_graphic_database.cpp:34]: GFX referenced in equipment graphic database does not exist: "GFX_ENG_scout_plane1_medium", associated with ENG medium_plane_airframe
[14:33:11][no_game_date][equipment_graphic_database.cpp:34]: GFX referenced in equipment graphic database does not exist: "GFX_ENG_scout_plane2_medium", associated with ENG medium_plane_airframe
[14:33:11][no_game_date][equipment_graphic_database.cpp:34]: GFX referenced in equipment graphic database does not exist: "GFX_ENG_scout_plane1_medium", associated with ENG medium_plane_scout_plane_airframe_1
[14:33:11][no_game_date][equipment_graphic_database.cpp:34]: GFX referenced in equipment graphic database does not exist: "GFX_ENG_scout_plane2_medium", associated with ENG medium_plane_scout_plane_airframe_2
[14:33:11][no_game_date][equipment_graphic_database.cpp:34]: GFX referenced in equipment graphic database does not exist: "GFX_ENG_scout_plane2_medium", associated with ENG medium_plane_scout_plane_airframe_3
[14:33:11][no_game_date][equipment_graphic_database.cpp:34]: GFX referenced in equipment graphic database does not exist: "GFX_SOV_scout_plane1_medium", associated with SOV medium_plane_airframe
[14:33:11][no_game_date][equipment_graphic_database.cpp:34]: GFX referenced in equipment graphic database does not exist: "GFX_SOV_scout_plane2_medium", associated with SOV medium_plane_airframe
[14:33:11][no_game_date][equipment_graphic_database.cpp:57]: Entity referenced in equipment graphic database does not exist: "SOV_modern_armor_entity", associated with SOV modern_tank_chassis
[14:33:11][no_game_date][equipment_graphic_database.cpp:57]: Entity referenced in equipment graphic database does not exist: "SOV_super_heavy_armor_entity", associated with SOV super_heavy_tank_chassis
[14:33:11][no_game_date][equipment_graphic_database.cpp:34]: GFX referenced in equipment graphic database does not exist: "GFX_SOV_amphibious_tank_2_medium", associated with SOV amphibious_tank_chassis
[14:33:11][no_game_date][equipment_graphic_database.cpp:34]: GFX referenced in equipment graphic database does not exist: "GFX_SOV_amphibious_tank_medium", associated with SOV amphibious_tank_chassis
[14:33:11][no_game_date][equipment_graphic_database.cpp:57]: Entity referenced in equipment graphic database does not exist: "SOV_amphibious_armor_entity", associated with SOV amphibious_tank_chassis
[14:33:11][no_game_date][equipment_graphic_database.cpp:34]: GFX referenced in equipment graphic database does not exist: "GFX_FRA_scout_plane1_medium", associated with FRA medium_plane_airframe
[14:33:11][no_game_date][equipment_graphic_database.cpp:34]: GFX referenced in equipment graphic database does not exist: "GFX_FRA_scout_plane2_medium", associated with FRA medium_plane_airframe
[14:33:11][no_game_date][equipment_graphic_database.cpp:57]: Entity referenced in equipment graphic database does not exist: "FRA_light_armor_2_entity", associated with FRA light_tank_chassis_3
[14:33:25][no_game_date][triggerimplementation.cpp:9223]: common/scripted_effects/BLT_scripted_effects.txt:77: has_game_rule: game rule LIT_ai_behavior does not exist
[14:33:25][no_game_date][trigger.cpp:114]: Trigger failed to validate: common/scripted_effects/BLT_scripted_effects.txt:77: has_game_rule
[14:33:25][no_game_date][triggerimplementation.cpp:9223]: common/scripted_effects/BLT_scripted_effects.txt:83: has_game_rule: game rule LIT_ai_behavior does not exist
[14:33:25][no_game_date][trigger.cpp:114]: Trigger failed to validate: common/scripted_effects/BLT_scripted_effects.txt:83: has_game_rule
[14:33:25][no_game_date][triggerimplementation.cpp:9223]: common/scripted_effects/BLT_scripted_effects.txt:213: has_game_rule: game rule EST_ai_behavior does not exist
[14:33:25][no_game_date][trigger.cpp:114]: Trigger failed to validate: common/scripted_effects/BLT_scripted_effects.txt:213: has_game_rule
[14:33:25][no_game_date][triggerimplementation.cpp:9223]: common/scripted_effects/BLT_scripted_effects.txt:219: has_game_rule: game rule EST_ai_behavior does not exist
[14:33:25][no_game_date][trigger.cpp:114]: Trigger failed to validate: common/scripted_effects/BLT_scripted_effects.txt:219: has_game_rule
[14:33:29][no_game_date][strategicair.cpp:5148]: MAP_ERROR: (airports.txt) air base site province 4980 is invalid for state 495
[14:33:29][no_game_date][strategicair.cpp:5169]: MAP_ERROR: (rocketsites.txt) rocket site province 8172 is invalid for state 495
[14:33:29][no_game_date][strategicair.cpp:5148]: MAP_ERROR: (airports.txt) air base site province 7476 is invalid for state 496
[14:33:29][no_game_date][strategicair.cpp:5169]: MAP_ERROR: (rocketsites.txt) rocket site province 8233 is invalid for state 496
[14:33:30][1936.01.01.12][statehistory.cpp:286]: State Error: Trying to set province building in state that doesn't own it. Province #10999 in state #496.
[14:33:30][1936.01.01.12][statehistory.cpp:286]: State Error: Trying to set province building in state that doesn't own it. Province #10999 in state #938.
[14:33:30][1936.01.01.12][statehistory.cpp:286]: State Error: Trying to set province building in state that doesn't own it. Province #10999 in state #939.
[14:33:34][1936.01.01.12][mapbuildings.cpp:585]: map/buildings.txt error at line 13122: map building(Fábrica militar) location is not within specified state. Supposed to be '495 - Amazonas' but was '496 - Pará'for province 8172. BUILDING IGNORED!
[14:33:34][1936.01.01.12][mapbuildings.cpp:585]: map/buildings.txt error at line 13123: map building(Fábrica militar) location is not within specified state. Supposed to be '495 - Amazonas' but was '941 - Amapá'for province 4980. BUILDING IGNORED!
[14:33:34][1936.01.01.12][mapbuildings.cpp:585]: map/buildings.txt error at line 13124: map building(Fábrica militar) location is not within specified state. Supposed to be '495 - Amazonas' but was '496 - Pará'for province 8172. BUILDING IGNORED!
[14:33:34][1936.01.01.12][mapbuildings.cpp:585]: map/buildings.txt error at line 13126: map building(Fábrica militar) location is not within specified state. Supposed to be '495 - Amazonas' but was '496 - Pará'for province 8172. BUILDING IGNORED!
[14:33:34][1936.01.01.12][mapbuildings.cpp:585]: map/buildings.txt error at line 13127: map building(Fábrica civil) location is not within specified state. Supposed to be '495 - Amazonas' but was '942 - Roraima'for province 5214. BUILDING IGNORED!
[14:33:34][1936.01.01.12][mapbuildings.cpp:585]: map/buildings.txt error at line 13128: map building(Fábrica civil) location is not within specified state. Supposed to be '495 - Amazonas' but was '941 - Amapá'for province 4980. BUILDING IGNORED!
[14:33:34][1936.01.01.12][mapbuildings.cpp:585]: map/buildings.txt error at line 13129: map building(Fábrica civil) location is not within specified state. Supposed to be '495 - Amazonas' but was '496 - Pará'for province 8172. BUILDING IGNORED!
[14:33:34][1936.01.01.12][mapbuildings.cpp:585]: map/buildings.txt error at line 13130: map building(Fábrica civil) location is not within specified state. Supposed to be '495 - Amazonas' but was '941 - Amapá'for province 4980. BUILDING IGNORED!
[14:33:34][1936.01.01.12][mapbuildings.cpp:585]: map/buildings.txt error at line 13131: map building(Fábrica civil) location is not within specified state. Supposed to be '495 - Amazonas' but was '496 - Pará'for province 8172. BUILDING IGNORED!
[14:33:34][1936.01.01.12][mapbuildings.cpp:585]: map/buildings.txt error at line 13133: map building(Base aérea) location is not within specified state. Supposed to be '495 - Amazonas' but was '941 - Amapá'for province 4980. BUILDING IGNORED!
[14:33:34][1936.01.01.12][mapbuildings.cpp:585]: map/buildings.txt error at line 13134: map building(Base naval) location is not within specified state. Supposed to be '495 - Amazonas' but was '941 - Amapá'for province 4980. BUILDING IGNORED!
[14:33:34][1936.01.01.12][mapbuildings.cpp:585]: map/buildings.txt error at line 13135: map building(Base naval) location is not within specified state. Supposed to be '495 - Amazonas' but was '496 - Pará'for province 2035. BUILDING IGNORED!
[14:33:34][1936.01.01.12][mapbuildings.cpp:585]: map/buildings.txt error at line 13136: map building(Forte terrestre) location is not within specified state. Supposed to be '495 - Amazonas' but was '942 - Roraima'for province 5214. BUILDING IGNORED!
[14:33:34][1936.01.01.12][mapbuildings.cpp:585]: map/buildings.txt error at line 13140: map building(Forte terrestre) location is not within specified state. Supposed to be '495 - Amazonas' but was '496 - Pará'for province 5008. BUILDING IGNORED!
[14:33:34][1936.01.01.12][mapbuildings.cpp:585]: map/buildings.txt error at line 13142: map building(Forte terrestre) location is not within specified state. Supposed to be '495 - Amazonas' but was '496 - Pará'for province 10956. BUILDING IGNORED!
[14:33:34][1936.01.01.12][mapbuildings.cpp:585]: map/buildings.txt error at line 13145: map building(Forte terrestre) location is not within specified state. Supposed to be '495 - Amazonas' but was '496 - Pará'for province 8172. BUILDING IGNORED!
[14:33:34][1936.01.01.12][mapbuildings.cpp:585]: map/buildings.txt error at line 13147: map building(Forte terrestre) location is not within specified state. Supposed to be '495 - Amazonas' but was '496 - Pará'for province 2035. BUILDING IGNORED!
[14:33:34][1936.01.01.12][mapbuildings.cpp:585]: map/buildings.txt error at line 13149: map building(Forte terrestre) location is not within specified state. Supposed to be '495 - Amazonas' but was '941 - Amapá'for province 4980. BUILDING IGNORED!
[14:33:34][1936.01.01.12][mapbuildings.cpp:585]: map/buildings.txt error at line 13150: map building(Forte terrestre) location is not within specified state. Supposed to be '495 - Amazonas' but was '496 - Pará'for province 1979. BUILDING IGNORED!
[14:33:34][1936.01.01.12][mapbuildings.cpp:585]: map/buildings.txt error at line 13154: map building(Forte costeiro) location is not within specified state. Supposed to be '495 - Amazonas' but was '941 - Amapá'for province 4980. BUILDING IGNORED!
[14:33:34][1936.01.01.12][mapbuildings.cpp:585]: map/buildings.txt error at line 13155: map building(Forte costeiro) location is not within specified state. Supposed to be '495 - Amazonas' but was '496 - Pará'for province 2035. BUILDING IGNORED!
[14:33:34][1936.01.01.12][mapbuildings.cpp:585]: map/buildings.txt error at line 13156: map building(Estaleiros navais) location is not within specified state. Supposed to be '495 - Amazonas' but was '941 - Amapá'for province 4980. BUILDING IGNORED!
[14:33:34][1936.01.01.12][mapbuildings.cpp:585]: map/buildings.txt error at line 13159: map building(Defesa antiaérea) location is not within specified state. Supposed to be '495 - Amazonas' but was '496 - Pará'for province 10956. BUILDING IGNORED!
[14:33:34][1936.01.01.12][mapbuildings.cpp:585]: map/buildings.txt error at line 13161: map building(Reator nuclear) location is not within specified state. Supposed to be '495 - Amazonas' but was '496 - Pará'for province 8172. BUILDING IGNORED!
[14:33:34][1936.01.01.12][mapbuildings.cpp:585]: map/buildings.txt error at line 13162: map building(Base aérea) location is not within specified state. Supposed to be '496 - Pará' but was '938 - Minas Gerais'for province 7476. BUILDING IGNORED!
[14:33:34][1936.01.01.12][mapbuildings.cpp:585]: map/buildings.txt error at line 13166: map building(Forte terrestre) location is not within specified state. Supposed to be '496 - Pará' but was '938 - Minas Gerais'for province 12909. BUILDING IGNORED!
[14:33:34][1936.01.01.12][mapbuildings.cpp:585]: map/buildings.txt error at line 13167: map building(Forte terrestre) location is not within specified state. Supposed to be '496 - Pará' but was '938 - Minas Gerais'for province 12903. BUILDING IGNORED!
[14:33:34][1936.01.01.12][mapbuildings.cpp:585]: map/buildings.txt error at line 13169: map building(Forte terrestre) location is not within specified state. Supposed to be '496 - Pará' but was '938 - Minas Gerais'for province 8233. BUILDING IGNORED!
[14:33:34][1936.01.01.12][mapbuildings.cpp:585]: map/buildings.txt error at line 13171: map building(Forte terrestre) location is not within specified state. Supposed to be '496 - Pará' but was '938 - Minas Gerais'for province 5223. BUILDING IGNORED!
[14:33:34][1936.01.01.12][mapbuildings.cpp:585]: map/buildings.txt error at line 13173: map building(Forte terrestre) location is not within specified state. Supposed to be '496 - Pará' but was '938 - Minas Gerais'for province 7589. BUILDING IGNORED!
[14:33:34][1936.01.01.12][mapbuildings.cpp:585]: map/buildings.txt error at line 13174: map building(Forte terrestre) location is not within specified state. Supposed to be '496 - Pará' but was '938 - Minas Gerais'for province 10931. BUILDING IGNORED!
[14:33:34][1936.01.01.12][mapbuildings.cpp:585]: map/buildings.txt error at line 13175: map building(Forte terrestre) location is not within specified state. Supposed to be '496 - Pará' but was '938 - Minas Gerais'for province 4570. BUILDING IGNORED!
[14:33:34][1936.01.01.12][mapbuildings.cpp:585]: map/buildings.txt error at line 13176: map building(Forte terrestre) location is not within specified state. Supposed to be '496 - Pará' but was '938 - Minas Gerais'for province 12938. BUILDING IGNORED!
[14:33:34][1936.01.01.12][mapbuildings.cpp:585]: map/buildings.txt error at line 13180: map building(Refinaria sintética) location is not within specified state. Supposed to be '496 - Pará' but was '938 - Minas Gerais'for province 12938. BUILDING IGNORED!
[14:33:34][1936.01.01.12][mapbuildings.cpp:585]: map/buildings.txt error at line 13181: map building(Fábrica militar) location is not within specified state. Supposed to be '497 - Maranhão' but was '940 - Piauí'for province 2228. BUILDING IGNORED!
[14:33:34][1936.01.01.12][mapbuildings.cpp:585]: map/buildings.txt error at line 13182: map building(Fábrica militar) location is not within specified state. Supposed to be '497 - Maranhão' but was '940 - Piauí'for province 5204. BUILDING IGNORED!
[14:33:34][1936.01.01.12][mapbuildings.cpp:585]: map/buildings.txt error at line 13184: map building(Fábrica militar) location is not within specified state. Supposed to be '497 - Maranhão' but was '940 - Piauí'for province 10984. BUILDING IGNORED!
[14:33:34][1936.01.01.12][mapbuildings.cpp:585]: map/buildings.txt error at line 13189: map building(Fábrica civil) location is not within specified state. Supposed to be '497 - Maranhão' but was '940 - Piauí'for province 2228. BUILDING IGNORED!
[14:33:34][1936.01.01.12][mapbuildings.cpp:585]: map/buildings.txt error at line 13191: map building(Fábrica civil) location is not within specified state. Supposed to be '497 - Maranhão' but was '940 - Piauí'for province 5153. BUILDING IGNORED!
[14:33:34][1936.01.01.12][mapbuildings.cpp:585]: map/buildings.txt error at line 13197: map building(Base naval) location is not within specified state. Supposed to be '497 - Maranhão' but was '940 - Piauí'for province 2228. BUILDING IGNORED!
[14:33:34][1936.01.01.12][mapbuildings.cpp:585]: map/buildings.txt error at line 13200: map building(Forte terrestre) location is not within specified state. Supposed to be '497 - Maranhão' but was '940 - Piauí'for province 5153. BUILDING IGNORED!
[14:33:34][1936.01.01.12][mapbuildings.cpp:585]: map/buildings.txt error at line 13206: map building(Forte terrestre) location is not within specified state. Supposed to be '497 - Maranhão' but was '940 - Piauí'for province 2228. BUILDING IGNORED!
[14:33:34][1936.01.01.12][mapbuildings.cpp:585]: map/buildings.txt error at line 13207: map building(Forte terrestre) location is not within specified state. Supposed to be '497 - Maranhão' but was '940 - Piauí'for province 5204. BUILDING IGNORED!
[14:33:34][1936.01.01.12][mapbuildings.cpp:585]: map/buildings.txt error at line 13212: map building(Forte terrestre) location is not within specified state. Supposed to be '497 - Maranhão' but was '940 - Piauí'for province 10984. BUILDING IGNORED!
[14:33:34][1936.01.01.12][mapbuildings.cpp:585]: map/buildings.txt error at line 13217: map building(Forte costeiro) location is not within specified state. Supposed to be '497 - Maranhão' but was '940 - Piauí'for province 2228. BUILDING IGNORED!
[14:33:34][1936.01.01.12][mapbuildings.cpp:585]: map/buildings.txt error at line 13442: map building(Forte terrestre) location is not within specified state. Supposed to be '505 - Goiás' but was '939 - Tocantins'for province 2168. BUILDING IGNORED!
[14:33:34][1936.01.01.12][mapbuildings.cpp:585]: map/buildings.txt error at line 13445: map building(Forte terrestre) location is not within specified state. Supposed to be '505 - Goiás' but was '939 - Tocantins'for province 5151. BUILDING IGNORED!
[14:33:34][1936.01.01.12][mapbuildings.cpp:585]: map/buildings.txt error at line 20183: map building(Bases de lançamento de foguetes) location is not within specified state. Supposed to be '495 - Amazonas' but was '496 - Pará'for province 8172. BUILDING IGNORED!
[14:33:34][1936.01.01.12][mapbuildings.cpp:585]: map/buildings.txt error at line 20184: map building(Bases de lançamento de foguetes) location is not within specified state. Supposed to be '496 - Pará' but was '938 - Minas Gerais'for province 8233. BUILDING IGNORED!
[14:33:34][1936.01.01.12][mapbuildings.cpp:585]: map/buildings.txt error at line 21688: map building(Estação de radar) location is not within specified state. Supposed to be '496 - Pará' but was '938 - Minas Gerais'for province 12909. BUILDING IGNORED!
[14:33:34][1936.01.01.12][mapbuildings.cpp:585]: map/buildings.txt error at line 25479: map building(Silo de combustível) location is not within specified state. Supposed to be '495 - Amazonas' but was '496 - Pará'for province 10956. BUILDING IGNORED!
[14:33:34][1936.01.01.12][mapbuildings.cpp:585]: map/buildings.txt error at line 25487: map building(Silo de combustível) location is not within specified state. Supposed to be '505 - Goiás' but was '939 - Tocantins'for province 2168. BUILDING IGNORED!
[14:33:34][1936.01.01.12][mapbuildings.cpp:585]: map/buildings.txt error at line 25733: map building(Fábrica militar) location is not within specified state. Supposed to be '496 - Pará' but was '938 - Minas Gerais'for province 12334. BUILDING IGNORED!
[14:33:34][1936.01.01.12][mapbuildings.cpp:585]: map/buildings.txt error at line 25734: map building(Fábrica militar) location is not within specified state. Supposed to be '496 - Pará' but was '938 - Minas Gerais'for province 12903. BUILDING IGNORED!
[14:33:34][1936.01.01.12][mapbuildings.cpp:585]: map/buildings.txt error at line 25735: map building(Fábrica militar) location is not within specified state. Supposed to be '496 - Pará' but was '938 - Minas Gerais'for province 10945. BUILDING IGNORED!
[14:33:34][1936.01.01.12][mapbuildings.cpp:585]: map/buildings.txt error at line 25736: map building(Fábrica militar) location is not within specified state. Supposed to be '496 - Pará' but was '938 - Minas Gerais'for province 2185. BUILDING IGNORED!
[14:33:34][1936.01.01.12][mapbuildings.cpp:585]: map/buildings.txt error at line 25737: map building(Fábrica militar) location is not within specified state. Supposed to be '496 - Pará' but was '938 - Minas Gerais'for province 10931. BUILDING IGNORED!
[14:33:34][1936.01.01.12][mapbuildings.cpp:585]: map/buildings.txt error at line 25738: map building(Fábrica militar) location is not within specified state. Supposed to be '496 - Pará' but was '938 - Minas Gerais'for province 2190. BUILDING IGNORED!
[14:33:34][1936.01.01.12][mapbuildings.cpp:585]: map/buildings.txt error at line 25739: map building(Fábrica civil) location is not within specified state. Supposed to be '496 - Pará' but was '938 - Minas Gerais'for province 8210. BUILDING IGNORED!
[14:33:34][1936.01.01.12][mapbuildings.cpp:585]: map/buildings.txt error at line 25740: map building(Fábrica civil) location is not within specified state. Supposed to be '496 - Pará' but was '938 - Minas Gerais'for province 8233. BUILDING IGNORED!
[14:33:34][1936.01.01.12][mapbuildings.cpp:585]: map/buildings.txt error at line 25741: map building(Fábrica civil) location is not within specified state. Supposed to be '496 - Pará' but was '938 - Minas Gerais'for province 12923. BUILDING IGNORED!
[14:33:34][1936.01.01.12][mapbuildings.cpp:585]: map/buildings.txt error at line 25742: map building(Fábrica civil) location is not within specified state. Supposed to be '496 - Pará' but was '938 - Minas Gerais'for province 2218. BUILDING IGNORED!
[14:33:34][1936.01.01.12][mapbuildings.cpp:585]: map/buildings.txt error at line 25743: map building(Fábrica civil) location is not within specified state. Supposed to be '496 - Pará' but was '938 - Minas Gerais'for province 12977. BUILDING IGNORED!
[14:33:34][1936.01.01.12][mapbuildings.cpp:585]: map/buildings.txt error at line 25744: map building(Fábrica civil) location is not within specified state. Supposed to be '496 - Pará' but was '938 - Minas Gerais'for province 8148. BUILDING IGNORED!
[14:33:34][1936.01.01.12][mapbuildings.cpp:585]: map/buildings.txt error at line 25745: map building(Forte terrestre) location is not within specified state. Supposed to be '496 - Pará' but was '938 - Minas Gerais'for province 2167. BUILDING IGNORED!
[14:33:34][1936.01.01.12][mapbuildings.cpp:585]: map/buildings.txt error at line 25746: map building(Forte terrestre) location is not within specified state. Supposed to be '496 - Pará' but was '938 - Minas Gerais'for province 10360. BUILDING IGNORED!
[14:33:34][1936.01.01.12][mapbuildings.cpp:585]: map/buildings.txt error at line 25747: map building(Forte terrestre) location is not within specified state. Supposed to be '496 - Pará' but was '938 - Minas Gerais'for province 8210. BUILDING IGNORED!
[14:33:34][1936.01.01.12][mapbuildings.cpp:585]: map/buildings.txt error at line 25748: map building(Forte terrestre) location is not within specified state. Supposed to be '496 - Pará' but was '938 - Minas Gerais'for province 8148. BUILDING IGNORED!
[14:33:34][1936.01.01.12][mapbuildings.cpp:585]: map/buildings.txt error at line 25749: map building(Forte terrestre) location is not within specified state. Supposed to be '496 - Pará' but was '938 - Minas Gerais'for province 2218. BUILDING IGNORED!
[14:33:34][1936.01.01.12][mapbuildings.cpp:585]: map/buildings.txt error at line 25750: map building(Forte terrestre) location is not within specified state. Supposed to be '496 - Pará' but was '938 - Minas Gerais'for province 8226. BUILDING IGNORED!
[14:33:34][1936.01.01.12][mapbuildings.cpp:585]: map/buildings.txt error at line 25751: map building(Forte terrestre) location is not within specified state. Supposed to be '496 - Pará' but was '938 - Minas Gerais'for province 2190. BUILDING IGNORED!
[14:33:34][1936.01.01.12][mapbuildings.cpp:585]: map/buildings.txt error at line 25752: map building(Forte terrestre) location is not within specified state. Supposed to be '496 - Pará' but was '938 - Minas Gerais'for province 12923. BUILDING IGNORED!
[14:33:34][1936.01.01.12][mapbuildings.cpp:585]: map/buildings.txt error at line 25753: map building(Forte terrestre) location is not within specified state. Supposed to be '496 - Pará' but was '938 - Minas Gerais'for province 12334. BUILDING IGNORED!
[14:33:34][1936.01.01.12][mapbuildings.cpp:585]: map/buildings.txt error at line 25754: map building(Forte terrestre) location is not within specified state. Supposed to be '496 - Pará' but was '938 - Minas Gerais'for province 10945. BUILDING IGNORED!
[14:33:34][1936.01.01.12][mapbuildings.cpp:585]: map/buildings.txt error at line 25755: map building(Forte terrestre) location is not within specified state. Supposed to be '496 - Pará' but was '938 - Minas Gerais'for province 2185. BUILDING IGNORED!
[14:33:34][1936.01.01.12][mapbuildings.cpp:585]: map/buildings.txt error at line 25756: map building(Forte terrestre) location is not within specified state. Supposed to be '496 - Pará' but was '938 - Minas Gerais'for province 12479. BUILDING IGNORED!
[14:33:34][1936.01.01.12][mapbuildings.cpp:585]: map/buildings.txt error at line 25757: map building(Forte terrestre) location is not within specified state. Supposed to be '496 - Pará' but was '938 - Minas Gerais'for province 12977. BUILDING IGNORED!
[14:33:34][1936.01.01.12][mapbuildings.cpp:585]: map/buildings.txt error at line 25758: map building(Forte terrestre) location is not within specified state. Supposed to be '496 - Pará' but was '938 - Minas Gerais'for province 12438. BUILDING IGNORED!
[14:33:34][1936.01.01.12][mapbuildings.cpp:585]: map/buildings.txt error at line 25759: map building(Forte terrestre) location is not within specified state. Supposed to be '496 - Pará' but was '938 - Minas Gerais'for province 7476. BUILDING IGNORED!
[14:33:34][1936.01.01.12][mapbuildings.cpp:585]: map/buildings.txt error at line 25761: map building(Defesa antiaérea) location is not within specified state. Supposed to be '496 - Pará' but was '938 - Minas Gerais'for province 12903. BUILDING IGNORED!
[14:33:34][1936.01.01.12][mapbuildings.cpp:585]: map/buildings.txt error at line 25762: map building(Defesa antiaérea) location is not within specified state. Supposed to be '496 - Pará' but was '938 - Minas Gerais'for province 8148. BUILDING IGNORED!
[14:33:34][1936.01.01.12][mapbuildings.cpp:585]: map/buildings.txt error at line 25763: map building(Defesa antiaérea) location is not within specified state. Supposed to be '496 - Pará' but was '938 - Minas Gerais'for province 7589. BUILDING IGNORED!
[14:33:34][1936.01.01.12][mapbuildings.cpp:585]: map/buildings.txt error at line 25764: map building(Silo de combustível) location is not within specified state. Supposed to be '496 - Pará' but was '938 - Minas Gerais'for province 10931. BUILDING IGNORED!
[14:33:34][1936.01.01.12][mapbuildings.cpp:585]: map/buildings.txt error at line 25765: map building(Reator nuclear) location is not within specified state. Supposed to be '496 - Pará' but was '938 - Minas Gerais'for province 2185. BUILDING IGNORED!
[14:33:34][1936.01.01.12][mapbuildings.cpp:585]: map/buildings.txt error at line 25766: map building(Reator nuclear) location is not within specified state. Supposed to be '497 - Maranhão' but was '940 - Piauí'for province 10984. BUILDING IGNORED!
[14:33:34][1936.01.01.12][mapbuildings.cpp:585]: map/buildings.txt error at line 25829: map building(Fábrica militar) location is not within specified state. Supposed to be '505 - Goiás' but was '939 - Tocantins'for province 5151. BUILDING IGNORED!
[14:33:34][1936.01.01.12][mapbuildings.cpp:585]: map/buildings.txt error at line 25830: map building(Fábrica militar) location is not within specified state. Supposed to be '505 - Goiás' but was '939 - Tocantins'for province 5151. BUILDING IGNORED!
[14:33:34][1936.01.01.12][mapbuildings.cpp:585]: map/buildings.txt error at line 25838: map building(Fábrica civil) location is not within specified state. Supposed to be '505 - Goiás' but was '939 - Tocantins'for province 2168. BUILDING IGNORED!
[14:33:34][1936.01.01.12][mapbuildings.cpp:585]: map/buildings.txt error at line 25839: map building(Fábrica civil) location is not within specified state. Supposed to be '505 - Goiás' but was '939 - Tocantins'for province 5151. BUILDING IGNORED!
[14:33:34][1936.01.01.12][mapbuildings.cpp:585]: map/buildings.txt error at line 25840: map building(Fábrica civil) location is not within specified state. Supposed to be '505 - Goiás' but was '939 - Tocantins'for province 5151. BUILDING IGNORED!
[14:33:34][1936.01.01.12][mapbuildings.cpp:585]: map/buildings.txt error at line 32620: map building(Central de Abastecimento) location is not within specified state. Supposed to be '495 - Amazonas' but was '496 - Pará'for province 1979. BUILDING IGNORED!
[14:33:34][1936.01.01.12][mapbuildings.cpp:585]: map/buildings.txt error at line 32621: map building(Central de Abastecimento) location is not within specified state. Supposed to be '495 - Amazonas' but was '496 - Pará'for province 2035. BUILDING IGNORED!
[14:33:34][1936.01.01.12][mapbuildings.cpp:585]: map/buildings.txt error at line 32623: map building(Central de Abastecimento) location is not within specified state. Supposed to be '495 - Amazonas' but was '941 - Amapá'for province 4980. BUILDING IGNORED!
[14:33:34][1936.01.01.12][mapbuildings.cpp:585]: map/buildings.txt error at line 32624: map building(Central de Abastecimento) location is not within specified state. Supposed to be '495 - Amazonas' but was '496 - Pará'for province 5008. BUILDING IGNORED!
[14:33:34][1936.01.01.12][mapbuildings.cpp:585]: map/buildings.txt error at line 32626: map building(Central de Abastecimento) location is not within specified state. Supposed to be '495 - Amazonas' but was '942 - Roraima'for province 5214. BUILDING IGNORED!
[14:33:34][1936.01.01.12][mapbuildings.cpp:585]: map/buildings.txt error at line 32629: map building(Central de Abastecimento) location is not within specified state. Supposed to be '495 - Amazonas' but was '496 - Pará'for province 8172. BUILDING IGNORED!
[14:33:34][1936.01.01.12][mapbuildings.cpp:585]: map/buildings.txt error at line 32633: map building(Central de Abastecimento) location is not within specified state. Supposed to be '495 - Amazonas' but was '496 - Pará'for province 10956. BUILDING IGNORED!
[14:33:34][1936.01.01.12][mapbuildings.cpp:585]: map/buildings.txt error at line 32639: map building(Central de Abastecimento) location is not within specified state. Supposed to be '496 - Pará' but was '938 - Minas Gerais'for province 4570. BUILDING IGNORED!
[14:33:34][1936.01.01.12][mapbuildings.cpp:585]: map/buildings.txt error at line 32640: map building(Central de Abastecimento) location is not within specified state. Supposed to be '496 - Pará' but was '938 - Minas Gerais'for province 5223. BUILDING IGNORED!
[14:33:34][1936.01.01.12][mapbuildings.cpp:585]: map/buildings.txt error at line 32641: map building(Central de Abastecimento) location is not within specified state. Supposed to be '496 - Pará' but was '938 - Minas Gerais'for province 7589. BUILDING IGNORED!
[14:33:34][1936.01.01.12][mapbuildings.cpp:585]: map/buildings.txt error at line 32643: map building(Central de Abastecimento) location is not within specified state. Supposed to be '496 - Pará' but was '938 - Minas Gerais'for province 8233. BUILDING IGNORED!
[14:33:34][1936.01.01.12][mapbuildings.cpp:585]: map/buildings.txt error at line 32644: map building(Central de Abastecimento) location is not within specified state. Supposed to be '496 - Pará' but was '938 - Minas Gerais'for province 10931. BUILDING IGNORED!
[14:33:34][1936.01.01.12][mapbuildings.cpp:585]: map/buildings.txt error at line 32646: map building(Central de Abastecimento) location is not within specified state. Supposed to be '496 - Pará' but was '938 - Minas Gerais'for province 12903. BUILDING IGNORED!
[14:33:34][1936.01.01.12][mapbuildings.cpp:585]: map/buildings.txt error at line 32647: map building(Central de Abastecimento) location is not within specified state. Supposed to be '496 - Pará' but was '938 - Minas Gerais'for province 12909. BUILDING IGNORED!
[14:33:34][1936.01.01.12][mapbuildings.cpp:585]: map/buildings.txt error at line 32648: map building(Central de Abastecimento) location is not within specified state. Supposed to be '496 - Pará' but was '938 - Minas Gerais'for province 12938. BUILDING IGNORED!
[14:33:34][1936.01.01.12][mapbuildings.cpp:585]: map/buildings.txt error at line 32649: map building(Central de Abastecimento) location is not within specified state. Supposed to be '496 - Pará' but was '938 - Minas Gerais'for province 10945. BUILDING IGNORED!
[14:33:34][1936.01.01.12][mapbuildings.cpp:585]: map/buildings.txt error at line 32650: map building(Central de Abastecimento) location is not within specified state. Supposed to be '496 - Pará' but was '938 - Minas Gerais'for province 12977. BUILDING IGNORED!
[14:33:34][1936.01.01.12][mapbuildings.cpp:585]: map/buildings.txt error at line 32651: map building(Central de Abastecimento) location is not within specified state. Supposed to be '496 - Pará' but was '938 - Minas Gerais'for province 2167. BUILDING IGNORED!
[14:33:34][1936.01.01.12][mapbuildings.cpp:585]: map/buildings.txt error at line 32652: map building(Central de Abastecimento) location is not within specified state. Supposed to be '496 - Pará' but was '938 - Minas Gerais'for province 7476. BUILDING IGNORED!
[14:33:34][1936.01.01.12][mapbuildings.cpp:585]: map/buildings.txt error at line 32653: map building(Central de Abastecimento) location is not within specified state. Supposed to be '496 - Pará' but was '938 - Minas Gerais'for province 8148. BUILDING IGNORED!
[14:33:34][1936.01.01.12][mapbuildings.cpp:585]: map/buildings.txt error at line 32654: map building(Central de Abastecimento) location is not within specified state. Supposed to be '496 - Pará' but was '938 - Minas Gerais'for province 12923. BUILDING IGNORED!
[14:33:34][1936.01.01.12][mapbuildings.cpp:585]: map/buildings.txt error at line 32655: map building(Central de Abastecimento) location is not within specified state. Supposed to be '496 - Pará' but was '938 - Minas Gerais'for province 2190. BUILDING IGNORED!
[14:33:34][1936.01.01.12][mapbuildings.cpp:585]: map/buildings.txt error at line 32656: map building(Central de Abastecimento) location is not within specified state. Supposed to be '496 - Pará' but was '938 - Minas Gerais'for province 2218. BUILDING IGNORED!
[14:33:34][1936.01.01.12][mapbuildings.cpp:585]: map/buildings.txt error at line 32657: map building(Central de Abastecimento) location is not within specified state. Supposed to be '496 - Pará' but was '938 - Minas Gerais'for province 12438. BUILDING IGNORED!
[14:33:34][1936.01.01.12][mapbuildings.cpp:585]: map/buildings.txt error at line 32658: map building(Central de Abastecimento) location is not within specified state. Supposed to be '496 - Pará' but was '938 - Minas Gerais'for province 10360. BUILDING IGNORED!
[14:33:34][1936.01.01.12][mapbuildings.cpp:585]: map/buildings.txt error at line 32659: map building(Central de Abastecimento) location is not within specified state. Supposed to be '496 - Pará' but was '938 - Minas Gerais'for province 8210. BUILDING IGNORED!
[14:33:34][1936.01.01.12][mapbuildings.cpp:585]: map/buildings.txt error at line 32660: map building(Central de Abastecimento) location is not within specified state. Supposed to be '496 - Pará' but was '938 - Minas Gerais'for province 12479. BUILDING IGNORED!
[14:33:34][1936.01.01.12][mapbuildings.cpp:585]: map/buildings.txt error at line 32661: map building(Central de Abastecimento) location is not within specified state. Supposed to be '496 - Pará' but was '938 - Minas Gerais'for province 2185. BUILDING IGNORED!
[14:33:34][1936.01.01.12][mapbuildings.cpp:585]: map/buildings.txt error at line 32662: map building(Central de Abastecimento) location is not within specified state. Supposed to be '496 - Pará' but was '938 - Minas Gerais'for province 8226. BUILDING IGNORED!
[14:33:34][1936.01.01.12][mapbuildings.cpp:585]: map/buildings.txt error at line 32663: map building(Central de Abastecimento) location is not within specified state. Supposed to be '496 - Pará' but was '938 - Minas Gerais'for province 12334. BUILDING IGNORED!
[14:33:34][1936.01.01.12][mapbuildings.cpp:585]: map/buildings.txt error at line 32666: map building(Central de Abastecimento) location is not within specified state. Supposed to be '497 - Maranhão' but was '940 - Piauí'for province 2228. BUILDING IGNORED!
[14:33:34][1936.01.01.12][mapbuildings.cpp:585]: map/buildings.txt error at line 32667: map building(Central de Abastecimento) location is not within specified state. Supposed to be '497 - Maranhão' but was '940 - Piauí'for province 5153. BUILDING IGNORED!
[14:33:34][1936.01.01.12][mapbuildings.cpp:585]: map/buildings.txt error at line 32668: map building(Central de Abastecimento) location is not within specified state. Supposed to be '497 - Maranhão' but was '940 - Piauí'for province 5204. BUILDING IGNORED!
[14:33:34][1936.01.01.12][mapbuildings.cpp:585]: map/buildings.txt error at line 32670: map building(Central de Abastecimento) location is not within specified state. Supposed to be '497 - Maranhão' but was '940 - Piauí'for province 10984. BUILDING IGNORED!
[14:33:34][1936.01.01.12][mapbuildings.cpp:585]: map/buildings.txt error at line 32761: map building(Central de Abastecimento) location is not within specified state. Supposed to be '505 - Goiás' but was '939 - Tocantins'for province 2168. BUILDING IGNORED!
[14:33:34][1936.01.01.12][mapbuildings.cpp:585]: map/buildings.txt error at line 32764: map building(Central de Abastecimento) location is not within specified state. Supposed to be '505 - Goiás' but was '939 - Tocantins'for province 5151. BUILDING IGNORED!
[14:33:35][1936.01.01.12][map.cpp:1621]: Province 2035 is setup as coastal but has no port building in the nudger. This will likely crash the game.
[14:33:35][1936.01.01.12][map.cpp:1621]: Province 2228 is setup as coastal but has no port building in the nudger. This will likely crash the game.
[14:33:35][1936.01.01.12][map.cpp:1621]: Province 4980 is setup as coastal but has no port building in the nudger. This will likely crash the game.
[14:34:35][1936.01.01.12][strategicair.cpp:5148]: MAP_ERROR: (airports.txt) air base site province 4980 is invalid for state 495
[14:34:35][1936.01.01.12][strategicair.cpp:5169]: MAP_ERROR: (rocketsites.txt) rocket site province 8172 is invalid for state 495
[14:34:35][1936.01.01.12][strategicair.cpp:5148]: MAP_ERROR: (airports.txt) air base site province 7476 is invalid for state 496
[14:34:35][1936.01.01.12][strategicair.cpp:5169]: MAP_ERROR: (rocketsites.txt) rocket site province 8233 is invalid for state 496
[14:34:35][1936.01.01.12][equipmentpool.cpp:1352]: Country "GER" does not have any equipment variant for type "light_cruiser_2" version 0 created by "GER".
[14:34:35][1936.01.01.12][equipmentpool.cpp:1352]: Country "GER" does not have any equipment variant for type "light_cruiser_2" version 0 created by "GER".
[14:34:35][1936.01.01.12][equipmentpool.cpp:1352]: Country "GER" does not have any equipment variant for type "light_cruiser_2" version 0 created by "GER".
[14:34:35][1936.01.01.12][persistent.cpp:45]: Error: "Unexpected token: industrial_manufacturer, near line: 469" in file: "history/units/ENG_1936_Naval_Legacy.txt" near line: 469
[14:34:36][1936.01.01.12][ship.cpp:1370]: Error while loading save game: history/units/USA_1936_naval_legacy.txt
 The division name is occupied: USS S-11
[14:34:36][1936.01.01.12][ship.cpp:1370]: Error while loading save game: history/units/USA_1936_naval_legacy.txt
 The division name is occupied: USS S-12
[14:34:36][1936.01.01.12][ship.cpp:1370]: Error while loading save game: history/units/USA_1936_naval_legacy.txt
 The division name is occupied: USS S-13
[14:34:36][1936.01.01.12][ship.cpp:1370]: Error while loading save game: history/units/USA_1936_naval_legacy.txt
 The division name is occupied: USS S-14
[14:34:36][1936.01.01.12][ship.cpp:1370]: Error while loading save game: history/units/USA_1936_naval_legacy.txt
 The division name is occupied: USS S-15
[14:34:36][1936.01.01.12][ship.cpp:1370]: Error while loading save game: history/units/USA_1936_naval_legacy.txt
 The division name is occupied: USS S-16
[14:34:36][1936.01.01.12][ship.cpp:1370]: Error while loading save game: history/units/USA_1936_naval_legacy.txt
 The division name is occupied: USS S-17
[14:34:36][1936.01.01.12][ship.cpp:1370]: Error while loading save game: history/units/USA_1936_naval_legacy.txt
 The division name is occupied: USS S-48
